<?xml version="1.0" encoding="UTF-8"?>
<testng-results ignored="0" total="6" passed="6" failed="0" skipped="0">
  <reporter-output>
  </reporter-output>
  <suite started-at="2024-09-23T22:21:10 IST" name="Suite" finished-at="2024-09-23T22:22:02 IST" duration-ms="51971">
    <groups>
    </groups>
    <test started-at="2024-09-23T22:21:10 IST" name="Test" finished-at="2024-09-23T22:22:02 IST" duration-ms="51971">
      <class name="com.parabankautomationtest.RequestLoanPageTest">
        <test-method is-config="true" signature="reportInitialisation()[pri:0, instance:com.parabankautomationtest.RequestLoanPageTest@64beebb7]" started-at="2024-09-23T22:21:10 IST" name="reportInitialisation" finished-at="2024-09-23T22:21:10 IST" duration-ms="1" status="PASS">
          <reporter-output>
          </reporter-output>
        </test-method> <!-- reportInitialisation -->
        <test-method is-config="true" signature="setup()[pri:0, instance:com.parabankautomationtest.RequestLoanPageTest@64beebb7]" started-at="2024-09-23T22:21:46 IST" name="setup" finished-at="2024-09-23T22:21:52 IST" duration-ms="5456" status="PASS">
          <reporter-output>
          </reporter-output>
        </test-method> <!-- setup -->
        <test-method signature="loanApproved(java.lang.String,java.lang.String)[pri:0, instance:com.parabankautomationtest.RequestLoanPageTest@64beebb7]" started-at="2024-09-23T22:21:52 IST" name="loanApproved" data-provider="loanDetails1" finished-at="2024-09-23T22:21:54 IST" duration-ms="1807" status="PASS">
          <params>
            <param index="0">
              <value>
                <![CDATA[100]]>
              </value>
            </param>
            <param index="1">
              <value>
                <![CDATA[20]]>
              </value>
            </param>
          </params>
          <reporter-output>
          </reporter-output>
        </test-method> <!-- loanApproved -->
        <test-method is-config="true" signature="teardown()[pri:0, instance:com.parabankautomationtest.RequestLoanPageTest@64beebb7]" started-at="2024-09-23T22:21:54 IST" name="teardown" finished-at="2024-09-23T22:21:54 IST" duration-ms="379" status="PASS">
          <reporter-output>
          </reporter-output>
        </test-method> <!-- teardown -->
        <test-method is-config="true" signature="setup()[pri:0, instance:com.parabankautomationtest.RequestLoanPageTest@64beebb7]" started-at="2024-09-23T22:21:54 IST" name="setup" finished-at="2024-09-23T22:21:59 IST" duration-ms="5386" status="PASS">
          <reporter-output>
          </reporter-output>
        </test-method> <!-- setup -->
        <test-method signature="loanDenied(java.lang.String,java.lang.String)[pri:0, instance:com.parabankautomationtest.RequestLoanPageTest@64beebb7]" started-at="2024-09-23T22:21:59 IST" name="loanDenied" data-provider="loanDetails2" finished-at="2024-09-23T22:22:01 IST" duration-ms="1755" status="PASS">
          <params>
            <param index="0">
              <value>
                <![CDATA[100000]]>
              </value>
            </param>
            <param index="1">
              <value>
                <![CDATA[20]]>
              </value>
            </param>
          </params>
          <reporter-output>
          </reporter-output>
        </test-method> <!-- loanDenied -->
        <test-method is-config="true" signature="teardown()[pri:0, instance:com.parabankautomationtest.RequestLoanPageTest@64beebb7]" started-at="2024-09-23T22:22:01 IST" name="teardown" finished-at="2024-09-23T22:22:02 IST" duration-ms="375" status="PASS">
          <reporter-output>
          </reporter-output>
        </test-method> <!-- teardown -->
        <test-method is-config="true" signature="closeReport()[pri:0, instance:com.parabankautomationtest.RequestLoanPageTest@64beebb7]" started-at="2024-09-23T22:22:02 IST" name="closeReport" finished-at="2024-09-23T22:22:02 IST" duration-ms="10" status="PASS">
          <reporter-output>
          </reporter-output>
        </test-method> <!-- closeReport -->
      </class> <!-- com.parabankautomationtest.RequestLoanPageTest -->
      <class name="com.parabankautomationtest.OpenAccountTest">
        <test-method is-config="true" signature="reportInitialisation()[pri:0, instance:com.parabankautomationtest.OpenAccountTest@3a320ade]" started-at="2024-09-23T22:21:10 IST" name="reportInitialisation" finished-at="2024-09-23T22:21:10 IST" duration-ms="0" status="PASS">
          <reporter-output>
          </reporter-output>
        </test-method> <!-- reportInitialisation -->
        <test-method is-config="true" signature="setup()[pri:0, instance:com.parabankautomationtest.OpenAccountTest@3a320ade]" started-at="2024-09-23T22:21:38 IST" name="setup" finished-at="2024-09-23T22:21:44 IST" duration-ms="6391" status="PASS">
          <reporter-output>
          </reporter-output>
        </test-method> <!-- setup -->
        <test-method signature="openSavingAccount()[pri:0, instance:com.parabankautomationtest.OpenAccountTest@3a320ade]" started-at="2024-09-23T22:21:44 IST" name="openSavingAccount" finished-at="2024-09-23T22:21:46 IST" duration-ms="1708" status="PASS">
          <reporter-output>
          </reporter-output>
        </test-method> <!-- openSavingAccount -->
        <test-method is-config="true" signature="tearDown()[pri:0, instance:com.parabankautomationtest.OpenAccountTest@3a320ade]" started-at="2024-09-23T22:21:46 IST" name="tearDown" finished-at="2024-09-23T22:21:46 IST" duration-ms="367" status="PASS">
          <reporter-output>
          </reporter-output>
        </test-method> <!-- tearDown -->
        <test-method is-config="true" signature="closeReport()[pri:0, instance:com.parabankautomationtest.OpenAccountTest@3a320ade]" started-at="2024-09-23T22:22:02 IST" name="closeReport" finished-at="2024-09-23T22:22:02 IST" duration-ms="14" status="PASS">
          <reporter-output>
          </reporter-output>
        </test-method> <!-- closeReport -->
      </class> <!-- com.parabankautomationtest.OpenAccountTest -->
      <class name="com.parabankautomationtest.RegisterPageTest">
        <test-method is-config="true" signature="reportInitialisation()[pri:0, instance:com.parabankautomationtest.RegisterPageTest@68d6972f]" started-at="2024-09-23T22:21:10 IST" name="reportInitialisation" finished-at="2024-09-23T22:21:10 IST" duration-ms="0" status="PASS">
          <reporter-output>
          </reporter-output>
        </test-method> <!-- reportInitialisation -->
        <test-method is-config="true" signature="setup()[pri:0, instance:com.parabankautomationtest.RegisterPageTest@68d6972f]" started-at="2024-09-23T22:21:11 IST" name="setup" finished-at="2024-09-23T22:21:18 IST" duration-ms="7151" status="PASS">
          <reporter-output>
          </reporter-output>
        </test-method> <!-- setup -->
        <test-method signature="alreadyExistCustomer(java.lang.String,java.lang.String,java.lang.String,java.lang.String,java.lang.String,java.lang.String,java.lang.String,java.lang.String,java.lang.String,java.lang.String,java.lang.String)[pri:0, instance:com.parabankautomationtest.RegisterPageTest@68d6972f]" started-at="2024-09-23T22:21:18 IST" name="alreadyExistCustomer" data-provider="registrationDetailsData" finished-at="2024-09-23T22:21:20 IST" duration-ms="2490" status="PASS">
          <params>
            <param index="0">
              <value>
                <![CDATA[Sunil]]>
              </value>
            </param>
            <param index="1">
              <value>
                <![CDATA[Gaudase]]>
              </value>
            </param>
            <param index="2">
              <value>
                <![CDATA[Pune]]>
              </value>
            </param>
            <param index="3">
              <value>
                <![CDATA[Pune]]>
              </value>
            </param>
            <param index="4">
              <value>
                <![CDATA[Maharashtra]]>
              </value>
            </param>
            <param index="5">
              <value>
                <![CDATA[411012.0]]>
              </value>
            </param>
            <param index="6">
              <value>
                <![CDATA[1.23456789E9]]>
              </value>
            </param>
            <param index="7">
              <value>
                <![CDATA[123.0]]>
              </value>
            </param>
            <param index="8">
              <value>
                <![CDATA[sunilgaudse12]]>
              </value>
            </param>
            <param index="9">
              <value>
                <![CDATA[Sunil@1234]]>
              </value>
            </param>
            <param index="10">
              <value>
                <![CDATA[Sunil@1234]]>
              </value>
            </param>
          </params>
          <reporter-output>
          </reporter-output>
        </test-method> <!-- alreadyExistCustomer -->
        <test-method is-config="true" signature="tearDown()[pri:0, instance:com.parabankautomationtest.RegisterPageTest@68d6972f]" started-at="2024-09-23T22:21:20 IST" name="tearDown" finished-at="2024-09-23T22:21:21 IST" duration-ms="379" status="PASS">
          <reporter-output>
          </reporter-output>
        </test-method> <!-- tearDown -->
        <test-method is-config="true" signature="setup()[pri:0, instance:com.parabankautomationtest.RegisterPageTest@68d6972f]" started-at="2024-09-23T22:21:21 IST" name="setup" finished-at="2024-09-23T22:21:28 IST" duration-ms="6954" status="PASS">
          <reporter-output>
          </reporter-output>
        </test-method> <!-- setup -->
        <test-method signature="registrationSuccessfull(java.lang.String,java.lang.String,java.lang.String,java.lang.String,java.lang.String,java.lang.String,java.lang.String,java.lang.String,java.lang.String,java.lang.String,java.lang.String)[pri:0, instance:com.parabankautomationtest.RegisterPageTest@68d6972f]" started-at="2024-09-23T22:21:28 IST" name="registrationSuccessfull" data-provider="registrationDetailsData" finished-at="2024-09-23T22:21:31 IST" duration-ms="3661" status="PASS">
          <params>
            <param index="0">
              <value>
                <![CDATA[Sunil]]>
              </value>
            </param>
            <param index="1">
              <value>
                <![CDATA[Gaudase]]>
              </value>
            </param>
            <param index="2">
              <value>
                <![CDATA[Pune]]>
              </value>
            </param>
            <param index="3">
              <value>
                <![CDATA[Pune]]>
              </value>
            </param>
            <param index="4">
              <value>
                <![CDATA[Maharashtra]]>
              </value>
            </param>
            <param index="5">
              <value>
                <![CDATA[411012.0]]>
              </value>
            </param>
            <param index="6">
              <value>
                <![CDATA[1.23456789E9]]>
              </value>
            </param>
            <param index="7">
              <value>
                <![CDATA[123.0]]>
              </value>
            </param>
            <param index="8">
              <value>
                <![CDATA[sunilgaudse12]]>
              </value>
            </param>
            <param index="9">
              <value>
                <![CDATA[Sunil@1234]]>
              </value>
            </param>
            <param index="10">
              <value>
                <![CDATA[Sunil@1234]]>
              </value>
            </param>
          </params>
          <reporter-output>
          </reporter-output>
        </test-method> <!-- registrationSuccessfull -->
        <test-method is-config="true" signature="tearDown()[pri:0, instance:com.parabankautomationtest.RegisterPageTest@68d6972f]" started-at="2024-09-23T22:21:31 IST" name="tearDown" finished-at="2024-09-23T22:21:32 IST" duration-ms="374" status="PASS">
          <reporter-output>
          </reporter-output>
        </test-method> <!-- tearDown -->
        <test-method is-config="true" signature="closeReport()[pri:0, instance:com.parabankautomationtest.RegisterPageTest@68d6972f]" started-at="2024-09-23T22:22:02 IST" name="closeReport" finished-at="2024-09-23T22:22:02 IST" duration-ms="19" status="PASS">
          <reporter-output>
          </reporter-output>
        </test-method> <!-- closeReport -->
      </class> <!-- com.parabankautomationtest.RegisterPageTest -->
      <class name="com.parabankautomationtest.LoginPageTest">
        <test-method is-config="true" signature="reportInitialisation()[pri:0, instance:com.parabankautomationtest.LoginPageTest@24faea88]" started-at="2024-09-23T22:21:09 IST" name="reportInitialisation" finished-at="2024-09-23T22:21:10 IST" duration-ms="228" status="PASS">
          <reporter-output>
          </reporter-output>
        </test-method> <!-- reportInitialisation -->
        <test-method is-config="true" signature="setup()[pri:0, instance:com.parabankautomationtest.LoginPageTest@24faea88]" started-at="2024-09-23T22:21:32 IST" name="setup" finished-at="2024-09-23T22:21:36 IST" duration-ms="4380" status="PASS">
          <reporter-output>
          </reporter-output>
        </test-method> <!-- setup -->
        <test-method signature="SuccessfulLogin()[pri:0, instance:com.parabankautomationtest.LoginPageTest@24faea88]" started-at="2024-09-23T22:21:36 IST" name="SuccessfulLogin" finished-at="2024-09-23T22:21:38 IST" duration-ms="1473" status="PASS">
          <reporter-output>
          </reporter-output>
        </test-method> <!-- SuccessfulLogin -->
        <test-method is-config="true" signature="tearDown()[pri:0, instance:com.parabankautomationtest.LoginPageTest@24faea88]" started-at="2024-09-23T22:21:38 IST" name="tearDown" finished-at="2024-09-23T22:21:38 IST" duration-ms="381" status="PASS">
          <reporter-output>
          </reporter-output>
        </test-method> <!-- tearDown -->
        <test-method is-config="true" signature="closeReport()[pri:0, instance:com.parabankautomationtest.LoginPageTest@24faea88]" started-at="2024-09-23T22:22:02 IST" name="closeReport" finished-at="2024-09-23T22:22:02 IST" duration-ms="402" status="PASS">
          <reporter-output>
          </reporter-output>
        </test-method> <!-- closeReport -->
      </class> <!-- com.parabankautomationtest.LoginPageTest -->
    </test> <!-- Test -->
  </suite> <!-- Suite -->
</testng-results>
