<?xml version="1.0" encoding="UTF-8"?>
<testng-results ignored="0" total="4" passed="4" failed="0" skipped="0">
  <reporter-output>
  </reporter-output>
  <suite started-at="2024-09-21T23:37:35 IST" name="Suite" finished-at="2024-09-21T23:38:09 IST" duration-ms="33820">
    <groups>
    </groups>
    <test started-at="2024-09-21T23:37:35 IST" name="Test" finished-at="2024-09-21T23:38:09 IST" duration-ms="33820">
      <class name="com.parabankautomationtest.OpenAccountTest">
        <test-method is-config="true" signature="reportInitialisation()[pri:0, instance:com.parabankautomationtest.OpenAccountTest@7651218e]" started-at="2024-09-21T23:37:35 IST" name="reportInitialisation" finished-at="2024-09-21T23:37:35 IST" duration-ms="0" status="PASS">
          <reporter-output>
          </reporter-output>
        </test-method> <!-- reportInitialisation -->
        <test-method is-config="true" signature="setup()[pri:0, instance:com.parabankautomationtest.OpenAccountTest@7651218e]" started-at="2024-09-21T23:37:59 IST" name="setup" finished-at="2024-09-21T23:38:07 IST" duration-ms="8057" status="PASS">
          <reporter-output>
          </reporter-output>
        </test-method> <!-- setup -->
        <test-method signature="openSavingAccount()[pri:0, instance:com.parabankautomationtest.OpenAccountTest@7651218e]" started-at="2024-09-21T23:38:07 IST" name="openSavingAccount" finished-at="2024-09-21T23:38:09 IST" duration-ms="1941" status="PASS">
          <reporter-output>
          </reporter-output>
        </test-method> <!-- openSavingAccount -->
        <test-method is-config="true" signature="tearDown()[pri:0, instance:com.parabankautomationtest.OpenAccountTest@7651218e]" started-at="2024-09-21T23:38:09 IST" name="tearDown" finished-at="2024-09-21T23:38:09 IST" duration-ms="393" status="PASS">
          <reporter-output>
          </reporter-output>
        </test-method> <!-- tearDown -->
        <test-method is-config="true" signature="closeReport()[pri:0, instance:com.parabankautomationtest.OpenAccountTest@7651218e]" started-at="2024-09-21T23:38:10 IST" name="closeReport" finished-at="2024-09-21T23:38:10 IST" duration-ms="11" status="PASS">
          <reporter-output>
          </reporter-output>
        </test-method> <!-- closeReport -->
      </class> <!-- com.parabankautomationtest.OpenAccountTest -->
      <class name="com.parabankautomationtest.RegisterPageTest">
        <test-method is-config="true" signature="reportInitialisation()[pri:0, instance:com.parabankautomationtest.RegisterPageTest@3efe7086]" started-at="2024-09-21T23:37:35 IST" name="reportInitialisation" finished-at="2024-09-21T23:37:35 IST" duration-ms="1" status="PASS">
          <reporter-output>
          </reporter-output>
        </test-method> <!-- reportInitialisation -->
        <test-method is-config="true" signature="setup()[pri:0, instance:com.parabankautomationtest.RegisterPageTest@3efe7086]" started-at="2024-09-21T23:37:37 IST" name="setup" finished-at="2024-09-21T23:37:42 IST" duration-ms="5511" status="PASS">
          <reporter-output>
          </reporter-output>
        </test-method> <!-- setup -->
        <test-method signature="alreadyExistCustomer(java.lang.String,java.lang.String,java.lang.String,java.lang.String,java.lang.String,java.lang.String,java.lang.String,java.lang.String,java.lang.String,java.lang.String,java.lang.String)[pri:0, instance:com.parabankautomationtest.RegisterPageTest@3efe7086]" started-at="2024-09-21T23:37:42 IST" name="alreadyExistCustomer" data-provider="registrationDetailsData" finished-at="2024-09-21T23:37:44 IST" duration-ms="2161" status="PASS">
          <params>
            <param index="0">
              <value>
                <![CDATA[Sunil]]>
              </value>
            </param>
            <param index="1">
              <value>
                <![CDATA[Gaudase]]>
              </value>
            </param>
            <param index="2">
              <value>
                <![CDATA[Pune]]>
              </value>
            </param>
            <param index="3">
              <value>
                <![CDATA[Pune]]>
              </value>
            </param>
            <param index="4">
              <value>
                <![CDATA[Maharashtra]]>
              </value>
            </param>
            <param index="5">
              <value>
                <![CDATA[411012.0]]>
              </value>
            </param>
            <param index="6">
              <value>
                <![CDATA[1.23456789E9]]>
              </value>
            </param>
            <param index="7">
              <value>
                <![CDATA[123.0]]>
              </value>
            </param>
            <param index="8">
              <value>
                <![CDATA[sunilgaudse12]]>
              </value>
            </param>
            <param index="9">
              <value>
                <![CDATA[Sunil@1234]]>
              </value>
            </param>
            <param index="10">
              <value>
                <![CDATA[Sunil@1234]]>
              </value>
            </param>
          </params>
          <reporter-output>
          </reporter-output>
        </test-method> <!-- alreadyExistCustomer -->
        <test-method is-config="true" signature="tearDown()[pri:0, instance:com.parabankautomationtest.RegisterPageTest@3efe7086]" started-at="2024-09-21T23:37:44 IST" name="tearDown" finished-at="2024-09-21T23:37:45 IST" duration-ms="480" status="PASS">
          <reporter-output>
          </reporter-output>
        </test-method> <!-- tearDown -->
        <test-method is-config="true" signature="setup()[pri:0, instance:com.parabankautomationtest.RegisterPageTest@3efe7086]" started-at="2024-09-21T23:37:45 IST" name="setup" finished-at="2024-09-21T23:37:50 IST" duration-ms="5099" status="PASS">
          <reporter-output>
          </reporter-output>
        </test-method> <!-- setup -->
        <test-method signature="registrationSuccessfull(java.lang.String,java.lang.String,java.lang.String,java.lang.String,java.lang.String,java.lang.String,java.lang.String,java.lang.String,java.lang.String,java.lang.String,java.lang.String)[pri:0, instance:com.parabankautomationtest.RegisterPageTest@3efe7086]" started-at="2024-09-21T23:37:50 IST" name="registrationSuccessfull" data-provider="registrationDetailsData" finished-at="2024-09-21T23:37:52 IST" duration-ms="1534" status="PASS">
          <params>
            <param index="0">
              <value>
                <![CDATA[Sunil]]>
              </value>
            </param>
            <param index="1">
              <value>
                <![CDATA[Gaudase]]>
              </value>
            </param>
            <param index="2">
              <value>
                <![CDATA[Pune]]>
              </value>
            </param>
            <param index="3">
              <value>
                <![CDATA[Pune]]>
              </value>
            </param>
            <param index="4">
              <value>
                <![CDATA[Maharashtra]]>
              </value>
            </param>
            <param index="5">
              <value>
                <![CDATA[411012.0]]>
              </value>
            </param>
            <param index="6">
              <value>
                <![CDATA[1.23456789E9]]>
              </value>
            </param>
            <param index="7">
              <value>
                <![CDATA[123.0]]>
              </value>
            </param>
            <param index="8">
              <value>
                <![CDATA[sunilgaudse12]]>
              </value>
            </param>
            <param index="9">
              <value>
                <![CDATA[Sunil@1234]]>
              </value>
            </param>
            <param index="10">
              <value>
                <![CDATA[Sunil@1234]]>
              </value>
            </param>
          </params>
          <reporter-output>
          </reporter-output>
        </test-method> <!-- registrationSuccessfull -->
        <test-method is-config="true" signature="tearDown()[pri:0, instance:com.parabankautomationtest.RegisterPageTest@3efe7086]" started-at="2024-09-21T23:37:52 IST" name="tearDown" finished-at="2024-09-21T23:37:52 IST" duration-ms="375" status="PASS">
          <reporter-output>
          </reporter-output>
        </test-method> <!-- tearDown -->
        <test-method is-config="true" signature="closeReport()[pri:0, instance:com.parabankautomationtest.RegisterPageTest@3efe7086]" started-at="2024-09-21T23:38:10 IST" name="closeReport" finished-at="2024-09-21T23:38:10 IST" duration-ms="8" status="PASS">
          <reporter-output>
          </reporter-output>
        </test-method> <!-- closeReport -->
      </class> <!-- com.parabankautomationtest.RegisterPageTest -->
      <class name="com.parabankautomationtest.LoginPageTest">
        <test-method is-config="true" signature="reportInitialisation()[pri:0, instance:com.parabankautomationtest.LoginPageTest@45be7cd5]" started-at="2024-09-21T23:37:35 IST" name="reportInitialisation" finished-at="2024-09-21T23:37:35 IST" duration-ms="268" status="PASS">
          <reporter-output>
          </reporter-output>
        </test-method> <!-- reportInitialisation -->
        <test-method is-config="true" signature="setup()[pri:0, instance:com.parabankautomationtest.LoginPageTest@45be7cd5]" started-at="2024-09-21T23:37:52 IST" name="setup" finished-at="2024-09-21T23:37:56 IST" duration-ms="4193" status="PASS">
          <reporter-output>
          </reporter-output>
        </test-method> <!-- setup -->
        <test-method signature="SuccessfulLogin()[pri:0, instance:com.parabankautomationtest.LoginPageTest@45be7cd5]" started-at="2024-09-21T23:37:56 IST" name="SuccessfulLogin" finished-at="2024-09-21T23:37:58 IST" duration-ms="2176" status="PASS">
          <reporter-output>
          </reporter-output>
        </test-method> <!-- SuccessfulLogin -->
        <test-method is-config="true" signature="tearDown()[pri:0, instance:com.parabankautomationtest.LoginPageTest@45be7cd5]" started-at="2024-09-21T23:37:58 IST" name="tearDown" finished-at="2024-09-21T23:37:59 IST" duration-ms="431" status="PASS">
          <reporter-output>
          </reporter-output>
        </test-method> <!-- tearDown -->
        <test-method is-config="true" signature="closeReport()[pri:0, instance:com.parabankautomationtest.LoginPageTest@45be7cd5]" started-at="2024-09-21T23:38:09 IST" name="closeReport" finished-at="2024-09-21T23:38:10 IST" duration-ms="323" status="PASS">
          <reporter-output>
          </reporter-output>
        </test-method> <!-- closeReport -->
      </class> <!-- com.parabankautomationtest.LoginPageTest -->
    </test> <!-- Test -->
  </suite> <!-- Suite -->
</testng-results>
