<?xml version="1.0" encoding="UTF-8"?>
<!-- Generated by org.testng.reporters.JUnitXMLReporter -->
<testsuite ignored="0" hostname="DESKTOP-Sunil" failures="0" tests="6" name="Test" time="36.692" errors="0" timestamp="2024-09-22T17:55:54 IST">
  <testcase classname="com.parabankautomationtest.RegisterPageTest" name="alreadyExistCustomer" time="1.148"/>
  <testcase classname="com.parabankautomationtest.RegisterPageTest" name="registrationSuccessfull" time="1.114"/>
  <testcase classname="com.parabankautomationtest.LoginPageTest" name="SuccessfulLogin" time="0.983"/>
  <testcase classname="com.parabankautomationtest.OpenAccountTest" name="openSavingAccount" time="1.693"/>
  <testcase classname="com.parabankautomationtest.RequestLoanPageTest" name="loanApproved" time="1.626"/>
  <testcase classname="com.parabankautomationtest.RequestLoanPageTest" name="loanDenied" time="1.691"/>
</testsuite> <!-- Test -->
